Added Component: Designator=1(LGA14_LIS302DL(Primary))
Added Component: Designator=C1(C0805)
Added Component: Designator=C2(C0805)
Added Component: Designator=P1(HDR1X2)
Added Component: Designator=P2(HDR2X3)
Added Component: Designator=P3(HDR1X2)
Added Pin To Net: NetName=Net1_1 Pin=1-1
Added Pin To Net: NetName=Net1_1 Pin=1-3
Added Pin To Net: NetName=Net1_1 Pin=1-6
Added Pin To Net: NetName=Net1_1 Pin=C1-1
Added Pin To Net: NetName=Net1_1 Pin=C2-1
Added Pin To Net: NetName=Net1_1 Pin=P1-1
Added Net: Name=Net1_1
Added Pin To Net: NetName=Net1_2 Pin=1-2
Added Pin To Net: NetName=Net1_2 Pin=1-4
Added Pin To Net: NetName=Net1_2 Pin=1-5
Added Pin To Net: NetName=Net1_2 Pin=1-10
Added Pin To Net: NetName=Net1_2 Pin=1-11
Added Pin To Net: NetName=Net1_2 Pin=C1-2
Added Pin To Net: NetName=Net1_2 Pin=C2-2
Added Pin To Net: NetName=Net1_2 Pin=P1-2
Added Pin To Net: NetName=Net1_2 Pin=P2-6
Added Net: Name=Net1_2
Added Pin To Net: NetName=Net1_7 Pin=1-7
Added Pin To Net: NetName=Net1_7 Pin=P2-5
Added Net: Name=Net1_7
Added Pin To Net: NetName=Net1_8 Pin=1-8
Added Pin To Net: NetName=Net1_8 Pin=P3-2
Added Net: Name=Net1_8
Added Pin To Net: NetName=Net1_9 Pin=1-9
Added Pin To Net: NetName=Net1_9 Pin=P3-1
Added Net: Name=Net1_9
Added Pin To Net: NetName=Net1_12 Pin=1-12
Added Pin To Net: NetName=Net1_12 Pin=P2-4
Added Net: Name=Net1_12
Added Pin To Net: NetName=Net1_13 Pin=1-13
Added Pin To Net: NetName=Net1_13 Pin=P2-1
Added Net: Name=Net1_13
Added Pin To Net: NetName=Net1_14 Pin=1-14
Added Pin To Net: NetName=Net1_14 Pin=P2-3
Added Net: Name=Net1_14
Added Class: Name=Sheet1
Added Room: Name=Sheet1
