Added Component: Designator=P1(HDR1X20H)
Added Component: Designator=P2(HDR1X20H)
Added Component: Designator=P3(HDR1X20H)
Added Component: Designator=P4(HDR1X20H)
Added Component: Designator=P5(HDR1X20H)
Added Component: Designator=P6(HDR1X20H)
Added Component: Designator=P7(HDR1X20H)
Added Component: Designator=P8(HDR1X20H)
Added Component: Designator=P9(HDR1X20H)
Added Component: Designator=P10(HDR1X20H)
Added Component: Designator=P11(HDR1X20H)
Added Component: Designator=P12(HDR1X20H)
Added Pin To Net: NetName=NetATMEGA_23 Pin=P1-3
Added Pin To Net: NetName=NetATMEGA_23 Pin=P2-3
Added Pin To Net: NetName=NetATMEGA_23 Pin=P3-3
Added Pin To Net: NetName=NetATMEGA_2 Pin=P4-2
Added Pin To Net: NetName=NetATMEGA_2 Pin=P5-2
Added Pin To Net: NetName=NetATMEGA_2 Pin=P6-2
Added Net: Name=NetATMEGA_2
Added Pin To Net: NetName=NetATMEGA_6 Pin=P4-6
Added Pin To Net: NetName=NetATMEGA_6 Pin=P5-6
Added Pin To Net: NetName=NetATMEGA_6 Pin=P6-6
Added Net: Name=NetATMEGA_6
Added Pin To Net: NetName=NetATMEGA_9 Pin=P4-9
Added Pin To Net: NetName=NetATMEGA_9 Pin=P5-9
Added Pin To Net: NetName=NetATMEGA_9 Pin=P6-9
Added Net: Name=NetATMEGA_9
Added Pin To Net: NetName=NetATMEGA_11 Pin=P4-11
Added Pin To Net: NetName=NetATMEGA_11 Pin=P5-11
Added Pin To Net: NetName=NetATMEGA_11 Pin=P6-11
Added Net: Name=NetATMEGA_11
Added Pin To Net: NetName=NetATMEGA_13 Pin=P4-13
Added Pin To Net: NetName=NetATMEGA_13 Pin=P5-13
Added Pin To Net: NetName=NetATMEGA_13 Pin=P6-13
Added Net: Name=NetATMEGA_13
Added Pin To Net: NetName=NetATMEGA_15 Pin=P4-15
Added Pin To Net: NetName=NetATMEGA_15 Pin=P5-15
Added Pin To Net: NetName=NetATMEGA_15 Pin=P6-15
Added Net: Name=NetATMEGA_15
Added Pin To Net: NetName=NetATMEGA_16 Pin=P4-16
Added Pin To Net: NetName=NetATMEGA_16 Pin=P5-16
Added Pin To Net: NetName=NetATMEGA_16 Pin=P6-16
Added Net: Name=NetATMEGA_16
Added Pin To Net: NetName=NetATMEGA_17 Pin=P4-17
Added Pin To Net: NetName=NetATMEGA_17 Pin=P5-17
Added Pin To Net: NetName=NetATMEGA_17 Pin=P6-17
Added Net: Name=NetATMEGA_17
Added Pin To Net: NetName=NetATMEGA_18 Pin=P4-18
Added Pin To Net: NetName=NetATMEGA_18 Pin=P5-18
Added Pin To Net: NetName=NetATMEGA_18 Pin=P6-18
Added Net: Name=NetATMEGA_18
Added Pin To Net: NetName=NetATMEGA_19 Pin=P4-19
Added Pin To Net: NetName=NetATMEGA_19 Pin=P5-19
Added Pin To Net: NetName=NetATMEGA_19 Pin=P6-19
Added Net: Name=NetATMEGA_19
Added Pin To Net: NetName=NetATMEGA_24 Pin=P1-4
Added Pin To Net: NetName=NetATMEGA_24 Pin=P2-4
Added Pin To Net: NetName=NetATMEGA_24 Pin=P3-4
Added Net: Name=NetATMEGA_24
Added Pin To Net: NetName=NetATMEGA_25 Pin=P1-5
Added Pin To Net: NetName=NetATMEGA_25 Pin=P2-5
Added Pin To Net: NetName=NetATMEGA_25 Pin=P3-5
Added Net: Name=NetATMEGA_25
Added Pin To Net: NetName=NetATMEGA_27 Pin=P1-7
Added Pin To Net: NetName=NetATMEGA_27 Pin=P2-7
Added Pin To Net: NetName=NetATMEGA_27 Pin=P3-7
Added Net: Name=NetATMEGA_27
Added Pin To Net: NetName=NetATMEGA_29 Pin=P1-9
Added Pin To Net: NetName=NetATMEGA_29 Pin=P2-9
Added Pin To Net: NetName=NetATMEGA_29 Pin=P3-9
Added Net: Name=NetATMEGA_29
Added Pin To Net: NetName=NetATMEGA_30 Pin=P1-10
Added Pin To Net: NetName=NetATMEGA_30 Pin=P2-10
Added Pin To Net: NetName=NetATMEGA_30 Pin=P3-10
Added Net: Name=NetATMEGA_30
Added Pin To Net: NetName=NetATMEGA_31 Pin=P1-11
Added Pin To Net: NetName=NetATMEGA_31 Pin=P2-11
Added Pin To Net: NetName=NetATMEGA_31 Pin=P3-11
Added Net: Name=NetATMEGA_31
Added Pin To Net: NetName=NetATMEGA_32 Pin=P1-12
Added Pin To Net: NetName=NetATMEGA_32 Pin=P2-12
Added Pin To Net: NetName=NetATMEGA_32 Pin=P3-12
Added Net: Name=NetATMEGA_32
Added Pin To Net: NetName=NetATMEGA_37 Pin=P1-17
Added Pin To Net: NetName=NetATMEGA_37 Pin=P2-17
Added Pin To Net: NetName=NetATMEGA_37 Pin=P3-17
Added Net: Name=NetATMEGA_37
Added Pin To Net: NetName=NetATMEGA_38 Pin=P1-18
Added Pin To Net: NetName=NetATMEGA_38 Pin=P2-18
Added Pin To Net: NetName=NetATMEGA_38 Pin=P3-18
Added Net: Name=NetATMEGA_38
Added Pin To Net: NetName=NetATMEGA_39 Pin=P1-19
Added Pin To Net: NetName=NetATMEGA_39 Pin=P2-19
Added Pin To Net: NetName=NetATMEGA_39 Pin=P3-19
Added Net: Name=NetATMEGA_39
Added Pin To Net: NetName=NetATMEGA_40 Pin=P1-20
Added Pin To Net: NetName=NetATMEGA_40 Pin=P2-20
Added Pin To Net: NetName=NetATMEGA_40 Pin=P3-20
Added Net: Name=NetATMEGA_40
Added Pin To Net: NetName=NetP1_1 Pin=P1-1
Added Pin To Net: NetName=NetP1_1 Pin=P2-1
Added Pin To Net: NetName=NetP1_1 Pin=P3-1
Added Net: Name=NetP1_1
Added Pin To Net: NetName=NetP1_2 Pin=P1-2
Added Pin To Net: NetName=NetP1_2 Pin=P2-2
Added Pin To Net: NetName=NetP1_2 Pin=P3-2
Added Net: Name=NetP1_2
Added Pin To Net: NetName=NetP1_6 Pin=P1-6
Added Pin To Net: NetName=NetP1_6 Pin=P2-6
Added Pin To Net: NetName=NetP1_6 Pin=P3-6
Added Net: Name=NetP1_6
Added Pin To Net: NetName=NetP1_8 Pin=P1-8
Added Pin To Net: NetName=NetP1_8 Pin=P2-8
Added Pin To Net: NetName=NetP1_8 Pin=P3-8
Added Net: Name=NetP1_8
Added Pin To Net: NetName=NetP1_13 Pin=P1-13
Added Pin To Net: NetName=NetP1_13 Pin=P2-13
Added Pin To Net: NetName=NetP1_13 Pin=P3-13
Added Net: Name=NetP1_13
Added Pin To Net: NetName=NetP1_14 Pin=P1-14
Added Pin To Net: NetName=NetP1_14 Pin=P2-14
Added Pin To Net: NetName=NetP1_14 Pin=P3-14
Added Net: Name=NetP1_14
Added Pin To Net: NetName=NetP1_15 Pin=P1-15
Added Pin To Net: NetName=NetP1_15 Pin=P1-16
Added Pin To Net: NetName=NetP1_15 Pin=P2-15
Added Pin To Net: NetName=NetP1_15 Pin=P2-16
Added Pin To Net: NetName=NetP1_15 Pin=P3-15
Added Pin To Net: NetName=NetP1_15 Pin=P3-16
Added Net: Name=NetP1_15
Added Pin To Net: NetName=NetP4_1 Pin=P4-1
Added Pin To Net: NetName=NetP4_1 Pin=P5-1
Added Pin To Net: NetName=NetP4_1 Pin=P6-1
Added Net: Name=NetP4_1
Added Pin To Net: NetName=NetP4_3 Pin=P4-3
Added Pin To Net: NetName=NetP4_3 Pin=P5-3
Added Pin To Net: NetName=NetP4_3 Pin=P6-3
Added Net: Name=NetP4_3
Added Pin To Net: NetName=NetP4_4 Pin=P4-4
Added Pin To Net: NetName=NetP4_4 Pin=P5-4
Added Pin To Net: NetName=NetP4_4 Pin=P6-4
Added Net: Name=NetP4_4
Added Pin To Net: NetName=NetP4_5 Pin=P4-5
Added Pin To Net: NetName=NetP4_5 Pin=P5-5
Added Pin To Net: NetName=NetP4_5 Pin=P6-5
Added Net: Name=NetP4_5
Added Pin To Net: NetName=NetP4_7 Pin=P4-7
Added Pin To Net: NetName=NetP4_7 Pin=P5-7
Added Pin To Net: NetName=NetP4_7 Pin=P6-7
Added Net: Name=NetP4_7
Added Pin To Net: NetName=NetP4_8 Pin=P4-8
Added Pin To Net: NetName=NetP4_8 Pin=P5-8
Added Pin To Net: NetName=NetP4_8 Pin=P6-8
Added Net: Name=NetP4_8
Added Pin To Net: NetName=NetP4_10 Pin=P4-10
Added Pin To Net: NetName=NetP4_10 Pin=P5-10
Added Pin To Net: NetName=NetP4_10 Pin=P6-10
Added Net: Name=NetP4_10
Added Pin To Net: NetName=NetP4_12 Pin=P4-12
Added Pin To Net: NetName=NetP4_12 Pin=P5-12
Added Pin To Net: NetName=NetP4_12 Pin=P6-12
Added Net: Name=NetP4_12
Added Pin To Net: NetName=NetP4_14 Pin=P4-14
Added Pin To Net: NetName=NetP4_14 Pin=P5-14
Added Pin To Net: NetName=NetP4_14 Pin=P6-14
Added Net: Name=NetP4_14
Added Pin To Net: NetName=NetP4_20 Pin=P4-20
Added Pin To Net: NetName=NetP4_20 Pin=P5-20
Added Pin To Net: NetName=NetP4_20 Pin=P6-20
Added Net: Name=NetP4_20
Added Pin To Net: NetName=NetP7_1 Pin=P7-1
Added Pin To Net: NetName=NetP7_1 Pin=P8-1
Added Pin To Net: NetName=NetP7_1 Pin=P10-1
Added Net: Name=NetP7_1
Added Pin To Net: NetName=NetP7_2 Pin=P7-2
Added Pin To Net: NetName=NetP7_2 Pin=P8-2
Added Pin To Net: NetName=NetP7_2 Pin=P10-2
Added Net: Name=NetP7_2
Added Pin To Net: NetName=NetP8_3 Pin=P8-3
Added Pin To Net: NetName=NetP8_3 Pin=P10-3
Added Net: Name=NetP8_3
Added Pin To Net: NetName=NetP8_4 Pin=P8-4
Added Pin To Net: NetName=NetP8_4 Pin=P10-4
Added Net: Name=NetP8_4
Added Pin To Net: NetName=NetP8_5 Pin=P8-5
Added Pin To Net: NetName=NetP8_5 Pin=P10-5
Added Net: Name=NetP8_5
Added Pin To Net: NetName=NetP8_6 Pin=P8-6
Added Pin To Net: NetName=NetP8_6 Pin=P10-6
Added Net: Name=NetP8_6
Added Pin To Net: NetName=NetP8_7 Pin=P8-7
Added Pin To Net: NetName=NetP8_7 Pin=P10-7
Added Net: Name=NetP8_7
Added Pin To Net: NetName=NetP8_8 Pin=P8-8
Added Pin To Net: NetName=NetP8_8 Pin=P10-8
Added Net: Name=NetP8_8
Added Pin To Net: NetName=NetP8_9 Pin=P8-9
Added Pin To Net: NetName=NetP8_9 Pin=P10-9
Added Net: Name=NetP8_9
Added Pin To Net: NetName=NetP8_10 Pin=P8-10
Added Pin To Net: NetName=NetP8_10 Pin=P10-10
Added Net: Name=NetP8_10
Added Pin To Net: NetName=NetP8_11 Pin=P8-11
Added Pin To Net: NetName=NetP8_11 Pin=P10-11
Added Net: Name=NetP8_11
Added Pin To Net: NetName=NetP8_12 Pin=P8-12
Added Pin To Net: NetName=NetP8_12 Pin=P10-12
Added Net: Name=NetP8_12
Added Pin To Net: NetName=NetP8_13 Pin=P8-13
Added Pin To Net: NetName=NetP8_13 Pin=P10-13
Added Net: Name=NetP8_13
Added Pin To Net: NetName=NetP8_14 Pin=P8-14
Added Pin To Net: NetName=NetP8_14 Pin=P10-14
Added Net: Name=NetP8_14
Added Pin To Net: NetName=NetP8_15 Pin=P8-15
Added Pin To Net: NetName=NetP8_15 Pin=P10-15
Added Net: Name=NetP8_15
Added Pin To Net: NetName=NetP8_16 Pin=P8-16
Added Pin To Net: NetName=NetP8_16 Pin=P10-16
Added Net: Name=NetP8_16
Added Pin To Net: NetName=NetP8_17 Pin=P8-17
Added Pin To Net: NetName=NetP8_17 Pin=P10-17
Added Net: Name=NetP8_17
Added Pin To Net: NetName=NetP8_18 Pin=P8-18
Added Pin To Net: NetName=NetP8_18 Pin=P10-18
Added Net: Name=NetP8_18
Added Pin To Net: NetName=NetP8_19 Pin=P8-19
Added Pin To Net: NetName=NetP8_19 Pin=P10-19
Added Net: Name=NetP8_19
Added Pin To Net: NetName=NetP8_20 Pin=P8-20
Added Pin To Net: NetName=NetP8_20 Pin=P10-20
Added Net: Name=NetP8_20
Added Pin To Net: NetName=NetP9_1 Pin=P9-1
Added Pin To Net: NetName=NetP9_1 Pin=P11-1
Added Pin To Net: NetName=NetP9_1 Pin=P12-1
Added Net: Name=NetP9_1
Added Pin To Net: NetName=NetP9_2 Pin=P9-2
Added Pin To Net: NetName=NetP9_2 Pin=P11-2
Added Pin To Net: NetName=NetP9_2 Pin=P12-2
Added Net: Name=NetP9_2
Added Pin To Net: NetName=NetP11_3 Pin=P11-3
Added Pin To Net: NetName=NetP11_3 Pin=P12-3
Added Net: Name=NetP11_3
Added Pin To Net: NetName=NetP11_4 Pin=P11-4
Added Pin To Net: NetName=NetP11_4 Pin=P12-4
Added Net: Name=NetP11_4
Added Pin To Net: NetName=NetP11_5 Pin=P11-5
Added Pin To Net: NetName=NetP11_5 Pin=P12-5
Added Net: Name=NetP11_5
Added Pin To Net: NetName=NetP11_6 Pin=P11-6
Added Pin To Net: NetName=NetP11_6 Pin=P12-6
Added Net: Name=NetP11_6
Added Pin To Net: NetName=NetP11_7 Pin=P11-7
Added Pin To Net: NetName=NetP11_7 Pin=P12-7
Added Net: Name=NetP11_7
Added Pin To Net: NetName=NetP11_8 Pin=P11-8
Added Pin To Net: NetName=NetP11_8 Pin=P12-8
Added Net: Name=NetP11_8
Added Pin To Net: NetName=NetP11_9 Pin=P11-9
Added Pin To Net: NetName=NetP11_9 Pin=P12-9
Added Net: Name=NetP11_9
Added Pin To Net: NetName=NetP11_10 Pin=P11-10
Added Pin To Net: NetName=NetP11_10 Pin=P12-10
Added Net: Name=NetP11_10
Added Pin To Net: NetName=NetP11_11 Pin=P11-11
Added Pin To Net: NetName=NetP11_11 Pin=P12-11
Added Net: Name=NetP11_11
Added Pin To Net: NetName=NetP11_12 Pin=P11-12
Added Pin To Net: NetName=NetP11_12 Pin=P12-12
Added Net: Name=NetP11_12
Added Pin To Net: NetName=NetP11_13 Pin=P11-13
Added Pin To Net: NetName=NetP11_13 Pin=P12-13
Added Net: Name=NetP11_13
Added Pin To Net: NetName=NetP11_14 Pin=P11-14
Added Pin To Net: NetName=NetP11_14 Pin=P12-14
Added Net: Name=NetP11_14
Added Pin To Net: NetName=NetP11_15 Pin=P11-15
Added Pin To Net: NetName=NetP11_15 Pin=P12-15
Added Net: Name=NetP11_15
Added Pin To Net: NetName=NetP11_16 Pin=P11-16
Added Pin To Net: NetName=NetP11_16 Pin=P12-16
Added Net: Name=NetP11_16
Added Pin To Net: NetName=NetP11_17 Pin=P11-17
Added Pin To Net: NetName=NetP11_17 Pin=P12-17
Added Net: Name=NetP11_17
Added Pin To Net: NetName=NetP11_18 Pin=P11-18
Added Pin To Net: NetName=NetP11_18 Pin=P12-18
Added Net: Name=NetP11_18
Added Pin To Net: NetName=NetP11_19 Pin=P11-19
Added Pin To Net: NetName=NetP11_19 Pin=P12-19
Added Net: Name=NetP11_19
Added Pin To Net: NetName=NetP11_20 Pin=P11-20
Added Pin To Net: NetName=NetP11_20 Pin=P12-20
Added Net: Name=NetP11_20
Added Member To Class: ClassName=MCU Member=Component P1 Header 20H
Added Member To Class: ClassName=MCU Member=Component P2 Header 20H
Added Member To Class: ClassName=MCU Member=Component P3 Header 20H
Added Member To Class: ClassName=MCU Member=Component P4 Header 20H
Added Member To Class: ClassName=MCU Member=Component P5 Header 20H
Added Member To Class: ClassName=MCU Member=Component P6 Header 20H
Added Member To Class: ClassName=MCU Member=Component P7 Header 20H
Added Member To Class: ClassName=MCU Member=Component P8 Header 20H
Added Member To Class: ClassName=MCU Member=Component P9 Header 20H
Added Member To Class: ClassName=MCU Member=Component P10 Header 20H
Added Member To Class: ClassName=MCU Member=Component P11 Header 20H
Added Member To Class: ClassName=MCU Member=Component P12 Header 20H
Added Room: Name=MCU
