Added Component: Designator=P?(HDR1X20)
Added Component: Designator=P?(HDR1X20)
Added Component: Designator=P?(HDR1X20)
Added Component: Designator=P?(HDR1X20)
Added Component: Designator=P?(HDR1X20)
Added Component: Designator=P?(HDR1X20)
Added Component: Designator=P?(HDR1X20)
Added Component: Designator=P?(HDR1X20)
Added Component: Designator=P?(HDR1X20)
Added Component: Designator=P?(HDR1X20)
Added Component: Designator=P?(HDR1X20)
Added Component: Designator=P?(HDR1X20)
Added Component: Designator=U?(DIP254P1524X483-40_ATMEGA1284P-PU(Primary))
Added Pin To Net: NetName=NetP?_1 Pin=P?-1
Added Pin To Net: NetName=NetP?_1 Pin=P?-1
Added Pin To Net: NetName=NetP?_1 Pin=P?-1
Added Pin To Net: NetName=NetP?_2 Pin=P?-2
Added Pin To Net: NetName=NetP?_2 Pin=P?-2
Added Pin To Net: NetName=NetP?_2 Pin=P?-2
Added Pin To Net: NetName=NetP?_3 Pin=P?-3
Added Pin To Net: NetName=NetP?_3 Pin=P?-3
Added Pin To Net: NetName=NetP?_3 Pin=P?-3
Added Pin To Net: NetName=NetP?_4 Pin=P?-4
Added Pin To Net: NetName=NetP?_4 Pin=P?-4
Added Pin To Net: NetName=NetP?_4 Pin=P?-4
Added Pin To Net: NetName=NetP?_5 Pin=P?-5
Added Pin To Net: NetName=NetP?_5 Pin=P?-5
Added Pin To Net: NetName=NetP?_5 Pin=P?-5
Added Pin To Net: NetName=NetP?_6 Pin=P?-6
Added Pin To Net: NetName=NetP?_6 Pin=P?-6
Added Pin To Net: NetName=NetP?_6 Pin=P?-6
Added Pin To Net: NetName=NetP?_7 Pin=P?-7
Added Pin To Net: NetName=NetP?_7 Pin=P?-7
Added Pin To Net: NetName=NetP?_7 Pin=P?-7
Added Pin To Net: NetName=NetP?_8 Pin=P?-8
Added Pin To Net: NetName=NetP?_8 Pin=P?-8
Added Pin To Net: NetName=NetP?_8 Pin=P?-8
Added Pin To Net: NetName=NetP?_9 Pin=P?-9
Added Pin To Net: NetName=NetP?_9 Pin=P?-9
Added Pin To Net: NetName=NetP?_9 Pin=P?-9
Added Pin To Net: NetName=NetP?_10 Pin=P?-10
Added Pin To Net: NetName=NetP?_10 Pin=P?-10
Added Pin To Net: NetName=NetP?_10 Pin=P?-10
Added Pin To Net: NetName=NetP?_11 Pin=P?-11
Added Pin To Net: NetName=NetP?_11 Pin=P?-11
Added Pin To Net: NetName=NetP?_11 Pin=P?-11
Added Pin To Net: NetName=NetP?_12 Pin=P?-12
Added Pin To Net: NetName=NetP?_12 Pin=P?-12
Added Pin To Net: NetName=NetP?_12 Pin=P?-12
Added Pin To Net: NetName=NetP?_13 Pin=P?-13
Added Pin To Net: NetName=NetP?_13 Pin=P?-13
Added Pin To Net: NetName=NetP?_13 Pin=P?-13
Added Pin To Net: NetName=NetP?_14 Pin=P?-14
Added Pin To Net: NetName=NetP?_14 Pin=P?-14
Added Pin To Net: NetName=NetP?_14 Pin=P?-14
Added Pin To Net: NetName=NetP?_15 Pin=P?-15
Added Pin To Net: NetName=NetP?_15 Pin=P?-15
Added Pin To Net: NetName=NetP?_15 Pin=P?-15
Added Pin To Net: NetName=NetP?_16 Pin=P?-16
Added Pin To Net: NetName=NetP?_16 Pin=P?-16
Added Pin To Net: NetName=NetP?_16 Pin=P?-16
Added Pin To Net: NetName=NetP?_17 Pin=P?-17
Added Pin To Net: NetName=NetP?_17 Pin=P?-17
Added Pin To Net: NetName=NetP?_17 Pin=P?-17
Added Pin To Net: NetName=NetP?_18 Pin=P?-18
Added Pin To Net: NetName=NetP?_18 Pin=P?-18
Added Pin To Net: NetName=NetP?_18 Pin=P?-18
Added Pin To Net: NetName=NetP?_19 Pin=P?-19
Added Pin To Net: NetName=NetP?_19 Pin=P?-19
Added Pin To Net: NetName=NetP?_19 Pin=P?-19
Added Pin To Net: NetName=NetP?_20 Pin=P?-20
Added Pin To Net: NetName=NetP?_20 Pin=P?-20
Added Pin To Net: NetName=NetP?_20 Pin=P?-20
Added Member To Class: ClassName=MCU Member=Component P? Header 20
Added Member To Class: ClassName=MCU Member=Component U? ATMEGA1284P-PU
Added Room: Name=MCU
