Added Component: Designator=P1(HDR1X20)
Added Component: Designator=P2(HDR1X20)
Added Component: Designator=P3(HDR1X20)
Added Component: Designator=P4(HDR1X20)
Added Component: Designator=P5(HDR1X20)
Added Component: Designator=P6(HDR1X20)
Added Component: Designator=P7(HDR1X20)
Added Component: Designator=P8(HDR1X20)
Added Component: Designator=P9(HDR1X20)
Added Component: Designator=P10(HDR1X20)
Added Component: Designator=P11(HDR1X20)
Added Component: Designator=P12(HDR1X20)
Added Component: Designator=U1(DIP254P1524X483-40_ATMEGA1284P-PU(Primary))
Added Pin To Net: NetName=NetP1_1 Pin=P1-1
Added Pin To Net: NetName=NetP1_1 Pin=P2-1
Added Pin To Net: NetName=NetP1_1 Pin=P3-1
Added Pin To Net: NetName=NetP1_1 Pin=U1-21
Added Net: Name=NetP1_1
Added Pin To Net: NetName=NetP1_2 Pin=P1-2
Added Pin To Net: NetName=NetP1_2 Pin=P2-2
Added Pin To Net: NetName=NetP1_2 Pin=P3-2
Added Pin To Net: NetName=NetP1_2 Pin=U1-22
Added Net: Name=NetP1_2
Added Pin To Net: NetName=NetP1_3 Pin=P1-3
Added Pin To Net: NetName=NetP1_3 Pin=P2-3
Added Pin To Net: NetName=NetP1_3 Pin=P3-3
Added Pin To Net: NetName=NetP1_3 Pin=U1-23
Added Net: Name=NetP1_3
Added Pin To Net: NetName=NetP1_4 Pin=P1-4
Added Pin To Net: NetName=NetP1_4 Pin=P2-4
Added Pin To Net: NetName=NetP1_4 Pin=P3-4
Added Net: Name=NetP1_4
Added Pin To Net: NetName=NetP1_5 Pin=P1-5
Added Pin To Net: NetName=NetP1_5 Pin=P2-5
Added Pin To Net: NetName=NetP1_5 Pin=P3-5
Added Net: Name=NetP1_5
Added Pin To Net: NetName=NetP1_6 Pin=P1-6
Added Pin To Net: NetName=NetP1_6 Pin=P2-6
Added Pin To Net: NetName=NetP1_6 Pin=P3-6
Added Pin To Net: NetName=NetP1_6 Pin=U1-26
Added Net: Name=NetP1_6
Added Pin To Net: NetName=NetP1_7 Pin=P1-7
Added Pin To Net: NetName=NetP1_7 Pin=P2-7
Added Pin To Net: NetName=NetP1_7 Pin=P3-7
Added Net: Name=NetP1_7
Added Pin To Net: NetName=NetP1_8 Pin=P1-8
Added Pin To Net: NetName=NetP1_8 Pin=P2-8
Added Pin To Net: NetName=NetP1_8 Pin=P3-8
Added Pin To Net: NetName=NetP1_8 Pin=U1-28
Added Net: Name=NetP1_8
Added Pin To Net: NetName=NetP1_9 Pin=P1-9
Added Pin To Net: NetName=NetP1_9 Pin=P2-9
Added Pin To Net: NetName=NetP1_9 Pin=P3-9
Added Pin To Net: NetName=NetP1_9 Pin=U1-29
Added Net: Name=NetP1_9
Added Pin To Net: NetName=NetP1_10 Pin=P1-10
Added Pin To Net: NetName=NetP1_10 Pin=P2-10
Added Pin To Net: NetName=NetP1_10 Pin=P3-10
Added Net: Name=NetP1_10
Added Pin To Net: NetName=NetP1_11 Pin=P1-11
Added Pin To Net: NetName=NetP1_11 Pin=P2-11
Added Pin To Net: NetName=NetP1_11 Pin=P3-11
Added Pin To Net: NetName=NetP1_11 Pin=U1-31
Added Net: Name=NetP1_11
Added Pin To Net: NetName=NetP1_12 Pin=P1-12
Added Pin To Net: NetName=NetP1_12 Pin=P2-12
Added Pin To Net: NetName=NetP1_12 Pin=P3-12
Added Pin To Net: NetName=NetP1_12 Pin=U1-32
Added Net: Name=NetP1_12
Added Pin To Net: NetName=NetP1_13 Pin=P1-13
Added Pin To Net: NetName=NetP1_13 Pin=P2-13
Added Pin To Net: NetName=NetP1_13 Pin=P3-13
Added Net: Name=NetP1_13
Added Pin To Net: NetName=NetP1_14 Pin=P1-14
Added Pin To Net: NetName=NetP1_14 Pin=P2-14
Added Pin To Net: NetName=NetP1_14 Pin=P3-14
Added Pin To Net: NetName=NetP1_14 Pin=U1-34
Added Net: Name=NetP1_14
Added Pin To Net: NetName=NetP1_15 Pin=P1-15
Added Pin To Net: NetName=NetP1_15 Pin=P2-15
Added Pin To Net: NetName=NetP1_15 Pin=P3-15
Added Pin To Net: NetName=NetP1_15 Pin=U1-35
Added Net: Name=NetP1_15
Added Pin To Net: NetName=NetP1_16 Pin=P1-16
Added Pin To Net: NetName=NetP1_16 Pin=P2-16
Added Pin To Net: NetName=NetP1_16 Pin=P3-16
Added Pin To Net: NetName=NetP1_16 Pin=U1-36
Added Net: Name=NetP1_16
Added Pin To Net: NetName=NetP1_17 Pin=P1-17
Added Pin To Net: NetName=NetP1_17 Pin=P2-17
Added Pin To Net: NetName=NetP1_17 Pin=P3-17
Added Pin To Net: NetName=NetP1_17 Pin=U1-37
Added Net: Name=NetP1_17
Added Pin To Net: NetName=NetP1_18 Pin=P1-18
Added Pin To Net: NetName=NetP1_18 Pin=P2-18
Added Pin To Net: NetName=NetP1_18 Pin=P3-18
Added Pin To Net: NetName=NetP1_18 Pin=U1-38
Added Net: Name=NetP1_18
Added Pin To Net: NetName=NetP1_19 Pin=P1-19
Added Pin To Net: NetName=NetP1_19 Pin=P2-19
Added Pin To Net: NetName=NetP1_19 Pin=P3-19
Added Pin To Net: NetName=NetP1_19 Pin=U1-39
Added Net: Name=NetP1_19
Added Pin To Net: NetName=NetP1_20 Pin=P1-20
Added Pin To Net: NetName=NetP1_20 Pin=P2-20
Added Pin To Net: NetName=NetP1_20 Pin=P3-20
Added Pin To Net: NetName=NetP1_20 Pin=U1-40
Added Net: Name=NetP1_20
Added Pin To Net: NetName=NetP4_1 Pin=P4-1
Added Pin To Net: NetName=NetP4_1 Pin=P5-1
Added Pin To Net: NetName=NetP4_1 Pin=P6-1
Added Net: Name=NetP4_1
Added Pin To Net: NetName=NetP4_2 Pin=P4-2
Added Pin To Net: NetName=NetP4_2 Pin=P5-2
Added Pin To Net: NetName=NetP4_2 Pin=P6-2
Added Net: Name=NetP4_2
Added Pin To Net: NetName=NetP4_3 Pin=P4-3
Added Pin To Net: NetName=NetP4_3 Pin=P5-3
Added Pin To Net: NetName=NetP4_3 Pin=P6-3
Added Pin To Net: NetName=NetP4_3 Pin=U1-3
Added Net: Name=NetP4_3
Added Pin To Net: NetName=NetP4_4 Pin=P4-4
Added Pin To Net: NetName=NetP4_4 Pin=P5-4
Added Pin To Net: NetName=NetP4_4 Pin=P6-4
Added Pin To Net: NetName=NetP4_4 Pin=U1-4
Added Net: Name=NetP4_4
Added Pin To Net: NetName=NetP4_5 Pin=P4-5
Added Pin To Net: NetName=NetP4_5 Pin=P5-5
Added Pin To Net: NetName=NetP4_5 Pin=P6-5
Added Net: Name=NetP4_5
Added Pin To Net: NetName=NetP4_6 Pin=P4-6
Added Pin To Net: NetName=NetP4_6 Pin=P5-6
Added Pin To Net: NetName=NetP4_6 Pin=P6-6
Added Net: Name=NetP4_6
Added Pin To Net: NetName=NetP4_7 Pin=P4-7
Added Pin To Net: NetName=NetP4_7 Pin=P5-7
Added Pin To Net: NetName=NetP4_7 Pin=P6-7
Added Pin To Net: NetName=NetP4_7 Pin=U1-7
Added Net: Name=NetP4_7
Added Pin To Net: NetName=NetP4_8 Pin=P4-8
Added Pin To Net: NetName=NetP4_8 Pin=P5-8
Added Pin To Net: NetName=NetP4_8 Pin=P6-8
Added Net: Name=NetP4_8
Added Pin To Net: NetName=NetP4_9 Pin=P4-9
Added Pin To Net: NetName=NetP4_9 Pin=P5-9
Added Pin To Net: NetName=NetP4_9 Pin=P6-9
Added Pin To Net: NetName=NetP4_9 Pin=U1-9
Added Net: Name=NetP4_9
Added Pin To Net: NetName=NetP4_10 Pin=P4-10
Added Pin To Net: NetName=NetP4_10 Pin=P5-10
Added Pin To Net: NetName=NetP4_10 Pin=P6-10
Added Net: Name=NetP4_10
Added Pin To Net: NetName=NetP4_11 Pin=P4-11
Added Pin To Net: NetName=NetP4_11 Pin=P5-11
Added Pin To Net: NetName=NetP4_11 Pin=P6-11
Added Net: Name=NetP4_11
Added Pin To Net: NetName=NetP4_12 Pin=P4-12
Added Pin To Net: NetName=NetP4_12 Pin=P5-12
Added Pin To Net: NetName=NetP4_12 Pin=P6-12
Added Pin To Net: NetName=NetP4_12 Pin=U1-12
Added Net: Name=NetP4_12
Added Pin To Net: NetName=NetP4_13 Pin=P4-13
Added Pin To Net: NetName=NetP4_13 Pin=P5-13
Added Pin To Net: NetName=NetP4_13 Pin=P6-13
Added Net: Name=NetP4_13
Added Pin To Net: NetName=NetP4_14 Pin=P4-14
Added Pin To Net: NetName=NetP4_14 Pin=P5-14
Added Pin To Net: NetName=NetP4_14 Pin=P6-14
Added Pin To Net: NetName=NetP4_14 Pin=U1-14
Added Net: Name=NetP4_14
Added Pin To Net: NetName=NetP4_15 Pin=P4-15
Added Pin To Net: NetName=NetP4_15 Pin=P5-15
Added Pin To Net: NetName=NetP4_15 Pin=P6-15
Added Pin To Net: NetName=NetP4_15 Pin=U1-15
Added Net: Name=NetP4_15
Added Pin To Net: NetName=NetP4_16 Pin=P4-16
Added Pin To Net: NetName=NetP4_16 Pin=P5-16
Added Pin To Net: NetName=NetP4_16 Pin=P6-16
Added Pin To Net: NetName=NetP4_16 Pin=U1-16
Added Net: Name=NetP4_16
Added Pin To Net: NetName=NetP4_17 Pin=P4-17
Added Pin To Net: NetName=NetP4_17 Pin=P5-17
Added Pin To Net: NetName=NetP4_17 Pin=P6-17
Added Pin To Net: NetName=NetP4_17 Pin=U1-17
Added Net: Name=NetP4_17
Added Pin To Net: NetName=NetP4_18 Pin=P4-18
Added Pin To Net: NetName=NetP4_18 Pin=P5-18
Added Pin To Net: NetName=NetP4_18 Pin=P6-18
Added Net: Name=NetP4_18
Added Pin To Net: NetName=NetP4_19 Pin=P4-19
Added Pin To Net: NetName=NetP4_19 Pin=P5-19
Added Pin To Net: NetName=NetP4_19 Pin=P6-19
Added Pin To Net: NetName=NetP4_19 Pin=U1-19
Added Net: Name=NetP4_19
Added Pin To Net: NetName=NetP4_20 Pin=P4-20
Added Pin To Net: NetName=NetP4_20 Pin=P5-20
Added Pin To Net: NetName=NetP4_20 Pin=P6-20
Added Net: Name=NetP4_20
Added Pin To Net: NetName=NetP7_1 Pin=P7-1
Added Pin To Net: NetName=NetP7_1 Pin=P8-1
Added Pin To Net: NetName=NetP7_1 Pin=P10-1
Added Net: Name=NetP7_1
Added Pin To Net: NetName=NetP7_2 Pin=P7-2
Added Pin To Net: NetName=NetP7_2 Pin=P8-2
Added Pin To Net: NetName=NetP7_2 Pin=P10-2
Added Net: Name=NetP7_2
Added Pin To Net: NetName=NetP7_3 Pin=P7-3
Added Pin To Net: NetName=NetP7_3 Pin=P8-3
Added Pin To Net: NetName=NetP7_3 Pin=P10-3
Added Net: Name=NetP7_3
Added Pin To Net: NetName=NetP7_4 Pin=P7-4
Added Pin To Net: NetName=NetP7_4 Pin=P8-4
Added Pin To Net: NetName=NetP7_4 Pin=P10-4
Added Net: Name=NetP7_4
Added Pin To Net: NetName=NetP7_5 Pin=P7-5
Added Pin To Net: NetName=NetP7_5 Pin=P8-5
Added Pin To Net: NetName=NetP7_5 Pin=P10-5
Added Net: Name=NetP7_5
Added Pin To Net: NetName=NetP7_6 Pin=P7-6
Added Pin To Net: NetName=NetP7_6 Pin=P8-6
Added Pin To Net: NetName=NetP7_6 Pin=P10-6
Added Net: Name=NetP7_6
Added Pin To Net: NetName=NetP7_7 Pin=P7-7
Added Pin To Net: NetName=NetP7_7 Pin=P8-7
Added Pin To Net: NetName=NetP7_7 Pin=P10-7
Added Net: Name=NetP7_7
Added Pin To Net: NetName=NetP7_8 Pin=P7-8
Added Pin To Net: NetName=NetP7_8 Pin=P8-8
Added Pin To Net: NetName=NetP7_8 Pin=P10-8
Added Net: Name=NetP7_8
Added Pin To Net: NetName=NetP7_9 Pin=P7-9
Added Pin To Net: NetName=NetP7_9 Pin=P8-9
Added Pin To Net: NetName=NetP7_9 Pin=P10-9
Added Net: Name=NetP7_9
Added Pin To Net: NetName=NetP7_10 Pin=P7-10
Added Pin To Net: NetName=NetP7_10 Pin=P8-10
Added Pin To Net: NetName=NetP7_10 Pin=P10-10
Added Net: Name=NetP7_10
Added Pin To Net: NetName=NetP7_11 Pin=P7-11
Added Pin To Net: NetName=NetP7_11 Pin=P8-11
Added Pin To Net: NetName=NetP7_11 Pin=P10-11
Added Net: Name=NetP7_11
Added Pin To Net: NetName=NetP7_12 Pin=P7-12
Added Pin To Net: NetName=NetP7_12 Pin=P8-12
Added Pin To Net: NetName=NetP7_12 Pin=P10-12
Added Net: Name=NetP7_12
Added Pin To Net: NetName=NetP7_13 Pin=P7-13
Added Pin To Net: NetName=NetP7_13 Pin=P8-13
Added Pin To Net: NetName=NetP7_13 Pin=P10-13
Added Net: Name=NetP7_13
Added Pin To Net: NetName=NetP7_14 Pin=P7-14
Added Pin To Net: NetName=NetP7_14 Pin=P8-14
Added Pin To Net: NetName=NetP7_14 Pin=P10-14
Added Net: Name=NetP7_14
Added Pin To Net: NetName=NetP7_15 Pin=P7-15
Added Pin To Net: NetName=NetP7_15 Pin=P8-15
Added Pin To Net: NetName=NetP7_15 Pin=P10-15
Added Net: Name=NetP7_15
Added Pin To Net: NetName=NetP7_16 Pin=P7-16
Added Pin To Net: NetName=NetP7_16 Pin=P8-16
Added Pin To Net: NetName=NetP7_16 Pin=P10-16
Added Net: Name=NetP7_16
Added Pin To Net: NetName=NetP7_17 Pin=P7-17
Added Pin To Net: NetName=NetP7_17 Pin=P8-17
Added Pin To Net: NetName=NetP7_17 Pin=P10-17
Added Net: Name=NetP7_17
Added Pin To Net: NetName=NetP7_18 Pin=P7-18
Added Pin To Net: NetName=NetP7_18 Pin=P8-18
Added Pin To Net: NetName=NetP7_18 Pin=P10-18
Added Net: Name=NetP7_18
Added Pin To Net: NetName=NetP7_19 Pin=P7-19
Added Pin To Net: NetName=NetP7_19 Pin=P8-19
Added Pin To Net: NetName=NetP7_19 Pin=P10-19
Added Net: Name=NetP7_19
Added Pin To Net: NetName=NetP7_20 Pin=P7-20
Added Pin To Net: NetName=NetP7_20 Pin=P8-20
Added Pin To Net: NetName=NetP7_20 Pin=P10-20
Added Net: Name=NetP7_20
Added Pin To Net: NetName=NetP9_1 Pin=P9-1
Added Pin To Net: NetName=NetP9_1 Pin=P11-1
Added Pin To Net: NetName=NetP9_1 Pin=P12-1
Added Net: Name=NetP9_1
Added Pin To Net: NetName=NetP9_2 Pin=P9-2
Added Pin To Net: NetName=NetP9_2 Pin=P11-2
Added Pin To Net: NetName=NetP9_2 Pin=P12-2
Added Net: Name=NetP9_2
Added Pin To Net: NetName=NetP9_3 Pin=P9-3
Added Pin To Net: NetName=NetP9_3 Pin=P11-3
Added Pin To Net: NetName=NetP9_3 Pin=P12-3
Added Net: Name=NetP9_3
Added Pin To Net: NetName=NetP9_4 Pin=P9-4
Added Pin To Net: NetName=NetP9_4 Pin=P11-4
Added Pin To Net: NetName=NetP9_4 Pin=P12-4
Added Net: Name=NetP9_4
Added Pin To Net: NetName=NetP9_5 Pin=P9-5
Added Pin To Net: NetName=NetP9_5 Pin=P11-5
Added Pin To Net: NetName=NetP9_5 Pin=P12-5
Added Net: Name=NetP9_5
Added Pin To Net: NetName=NetP9_6 Pin=P9-6
Added Pin To Net: NetName=NetP9_6 Pin=P11-6
Added Pin To Net: NetName=NetP9_6 Pin=P12-6
Added Net: Name=NetP9_6
Added Pin To Net: NetName=NetP9_7 Pin=P9-7
Added Pin To Net: NetName=NetP9_7 Pin=P11-7
Added Pin To Net: NetName=NetP9_7 Pin=P12-7
Added Net: Name=NetP9_7
Added Pin To Net: NetName=NetP9_8 Pin=P9-8
Added Pin To Net: NetName=NetP9_8 Pin=P11-8
Added Pin To Net: NetName=NetP9_8 Pin=P12-8
Added Net: Name=NetP9_8
Added Pin To Net: NetName=NetP9_9 Pin=P9-9
Added Pin To Net: NetName=NetP9_9 Pin=P11-9
Added Pin To Net: NetName=NetP9_9 Pin=P12-9
Added Net: Name=NetP9_9
Added Pin To Net: NetName=NetP9_10 Pin=P9-10
Added Pin To Net: NetName=NetP9_10 Pin=P11-10
Added Pin To Net: NetName=NetP9_10 Pin=P12-10
Added Net: Name=NetP9_10
Added Pin To Net: NetName=NetP9_11 Pin=P9-11
Added Pin To Net: NetName=NetP9_11 Pin=P11-11
Added Pin To Net: NetName=NetP9_11 Pin=P12-11
Added Net: Name=NetP9_11
Added Pin To Net: NetName=NetP9_12 Pin=P9-12
Added Pin To Net: NetName=NetP9_12 Pin=P11-12
Added Pin To Net: NetName=NetP9_12 Pin=P12-12
Added Net: Name=NetP9_12
Added Pin To Net: NetName=NetP9_13 Pin=P9-13
Added Pin To Net: NetName=NetP9_13 Pin=P11-13
Added Pin To Net: NetName=NetP9_13 Pin=P12-13
Added Net: Name=NetP9_13
Added Pin To Net: NetName=NetP9_14 Pin=P9-14
Added Pin To Net: NetName=NetP9_14 Pin=P11-14
Added Pin To Net: NetName=NetP9_14 Pin=P12-14
Added Net: Name=NetP9_14
Added Pin To Net: NetName=NetP9_15 Pin=P9-15
Added Pin To Net: NetName=NetP9_15 Pin=P11-15
Added Pin To Net: NetName=NetP9_15 Pin=P12-15
Added Net: Name=NetP9_15
Added Pin To Net: NetName=NetP9_16 Pin=P9-16
Added Pin To Net: NetName=NetP9_16 Pin=P11-16
Added Pin To Net: NetName=NetP9_16 Pin=P12-16
Added Net: Name=NetP9_16
Added Pin To Net: NetName=NetP9_17 Pin=P9-17
Added Pin To Net: NetName=NetP9_17 Pin=P11-17
Added Pin To Net: NetName=NetP9_17 Pin=P12-17
Added Net: Name=NetP9_17
Added Pin To Net: NetName=NetP9_18 Pin=P9-18
Added Pin To Net: NetName=NetP9_18 Pin=P11-18
Added Pin To Net: NetName=NetP9_18 Pin=P12-18
Added Net: Name=NetP9_18
Added Pin To Net: NetName=NetP9_19 Pin=P9-19
Added Pin To Net: NetName=NetP9_19 Pin=P11-19
Added Pin To Net: NetName=NetP9_19 Pin=P12-19
Added Net: Name=NetP9_19
Added Pin To Net: NetName=NetP9_20 Pin=P9-20
Added Pin To Net: NetName=NetP9_20 Pin=P11-20
Added Pin To Net: NetName=NetP9_20 Pin=P12-20
Added Net: Name=NetP9_20
Added Member To Class: ClassName=MCU Member=Component P1 Header 20
Added Member To Class: ClassName=MCU Member=Component P2 Header 20
Added Member To Class: ClassName=MCU Member=Component P3 Header 20
Added Member To Class: ClassName=MCU Member=Component P4 Header 20
Added Member To Class: ClassName=MCU Member=Component P5 Header 20
Added Member To Class: ClassName=MCU Member=Component P6 Header 20
Added Member To Class: ClassName=MCU Member=Component P7 Header 20
Added Member To Class: ClassName=MCU Member=Component P8 Header 20
Added Member To Class: ClassName=MCU Member=Component P9 Header 20
Added Member To Class: ClassName=MCU Member=Component P10 Header 20
Added Member To Class: ClassName=MCU Member=Component P11 Header 20
Added Member To Class: ClassName=MCU Member=Component P12 Header 20
Added Member To Class: ClassName=MCU Member=Component U1 ATMEGA1284P-PU
Added Room: Name=MCU
