Removed Pin From Net: NetName=NetP4_3 Pin=U1-3
Removed Pin From Net: NetName=NetP4_4 Pin=U1-4
Removed Pin From Net: NetName=NetP4_7 Pin=U1-7
Removed Pin From Net: NetName=NetP4_9 Pin=U1-9
Removed Pin From Net: NetName=NetP4_12 Pin=U1-12
Removed Pin From Net: NetName=NetP4_14 Pin=U1-14
Removed Pin From Net: NetName=NetP4_15 Pin=U1-15
Removed Pin From Net: NetName=NetP4_16 Pin=U1-16
Removed Pin From Net: NetName=NetP4_17 Pin=U1-17
Removed Pin From Net: NetName=NetP4_19 Pin=U1-19
Removed Pin From Net: NetName=NetP1_1 Pin=U1-21
Removed Pin From Net: NetName=NetP1_2 Pin=U1-22
Removed Pin From Net: NetName=NetP1_3 Pin=U1-23
Removed Pin From Net: NetName=NetP1_6 Pin=U1-26
Removed Pin From Net: NetName=NetP1_8 Pin=U1-28
Removed Pin From Net: NetName=NetP1_9 Pin=U1-29
Removed Pin From Net: NetName=NetP1_11 Pin=U1-31
Removed Pin From Net: NetName=NetP1_12 Pin=U1-32
Removed Pin From Net: NetName=NetP1_14 Pin=U1-34
Removed Pin From Net: NetName=NetP1_15 Pin=U1-35
Removed Pin From Net: NetName=NetP1_16 Pin=U1-36
Removed Pin From Net: NetName=NetP1_17 Pin=U1-37
Removed Pin From Net: NetName=NetP1_18 Pin=U1-38
Removed Pin From Net: NetName=NetP1_19 Pin=U1-39
Removed Pin From Net: NetName=NetP1_20 Pin=U1-40
Removed Member From Class: ClassName=MCU Member=U1
Added Component: Designator=U?(DIP254P1524X483-40_ATMEGA1284P-PU(Primary))
Added Pin To Net: NetName=NetP4_2 Pin=U?-2
Added Pin To Net: NetName=NetP4_3 Pin=U?-3
Added Pin To Net: NetName=NetP4_4 Pin=U?-4
Added Pin To Net: NetName=NetP4_7 Pin=U?-7
Added Pin To Net: NetName=NetP4_9 Pin=U?-9
Added Pin To Net: NetName=NetP4_12 Pin=U?-12
Added Pin To Net: NetName=NetP4_14 Pin=U?-14
Added Pin To Net: NetName=NetP4_15 Pin=U?-15
Added Pin To Net: NetName=NetP4_16 Pin=U?-16
Added Pin To Net: NetName=NetP4_17 Pin=U?-17
Added Pin To Net: NetName=NetP4_19 Pin=U?-19
Added Pin To Net: NetName=NetP1_1 Pin=U?-21
Added Pin To Net: NetName=NetP1_2 Pin=U?-22
Added Pin To Net: NetName=NetP1_3 Pin=U?-23
Added Pin To Net: NetName=NetP1_4 Pin=U?-24
Added Pin To Net: NetName=NetP1_5 Pin=U?-25
Added Pin To Net: NetName=NetP1_7 Pin=U?-27
Added Pin To Net: NetName=NetP1_8 Pin=U?-28
Added Pin To Net: NetName=NetP1_9 Pin=U?-29
Added Pin To Net: NetName=NetP1_10 Pin=U?-30
Added Pin To Net: NetName=NetP1_11 Pin=U?-31
Added Pin To Net: NetName=NetP1_12 Pin=U?-32
Added Pin To Net: NetName=NetP1_13 Pin=U?-33
Added Pin To Net: NetName=NetP1_14 Pin=U?-34
Added Pin To Net: NetName=NetP1_17 Pin=U?-37
Added Pin To Net: NetName=NetP1_18 Pin=U?-38
Added Pin To Net: NetName=NetP1_19 Pin=U?-39
Added Pin To Net: NetName=NetP1_20 Pin=U?-40
Added Member To Class: ClassName=MCU Member=Component U? ATMEGA1284P-PU
