Added Component: Designator=*1(DIP-16)
Added Component: Designator=*2(DIP-16)
Added Component: Designator=*3(DIP-16)
Added Component: Designator=*4(DIP-16)
Added Component: Designator=*5(DIP-16)
Added Component: Designator=*6(DIP-16)
Added Component: Designator=*7(DIP-16)
Added Component: Designator=P1(HDR1X12)
Added Component: Designator=P2(HDR1X12)
Added Component: Designator=P3(HDR1X12)
Added Component: Designator=P4(HDR1X12)
Added Component: Designator=P5(HDR1X12)
Added Component: Designator=P6(HDR1X12)
Added Component: Designator=P7(HDR1X2)
Added Component: Designator=P8(HDR1X2)
Added Component: Designator=P9(HDR1X2)
Added Component: Designator=P10(HDR1X2)
Added Component: Designator=P11(HDR1X2)
Added Component: Designator=P12(HDR1X2)
Added Component: Designator=R1(AXIAL-0.3)
Added Pin To Net: NetName=Net*1_1 Pin=*1-1
Added Pin To Net: NetName=Net*1_1 Pin=P4-5
Added Net: Name=Net*1_1
Added Pin To Net: NetName=Net*1_2 Pin=*1-2
Added Pin To Net: NetName=Net*1_2 Pin=P4-8
Added Net: Name=Net*1_2
Added Pin To Net: NetName=Net*1_3 Pin=*1-3
Added Pin To Net: NetName=Net*1_3 Pin=P4-11
Added Net: Name=Net*1_3
Added Pin To Net: NetName=Net*1_4 Pin=*1-4
Added Pin To Net: NetName=Net*1_4 Pin=P1-2
Added Net: Name=Net*1_4
Added Pin To Net: NetName=Net*1_5 Pin=*1-5
Added Pin To Net: NetName=Net*1_5 Pin=*1-13
Added Pin To Net: NetName=Net*1_5 Pin=*2-13
Added Pin To Net: NetName=Net*1_5 Pin=*3-13
Added Pin To Net: NetName=Net*1_5 Pin=*4-13
Added Pin To Net: NetName=Net*1_5 Pin=*5-13
Added Pin To Net: NetName=Net*1_5 Pin=*6-13
Added Pin To Net: NetName=Net*1_5 Pin=*7-13
Added Pin To Net: NetName=Net*1_5 Pin=P1-5
Added Pin To Net: NetName=Net*1_5 Pin=P10-1
Added Pin To Net: NetName=Net*1_5 Pin=P10-2
Added Net: Name=Net*1_5
Added Pin To Net: NetName=Net*1_6 Pin=*1-6
Added Pin To Net: NetName=Net*1_6 Pin=*3-9
Added Pin To Net: NetName=Net*1_6 Pin=*4-14
Added Pin To Net: NetName=Net*1_6 Pin=*5-14
Added Pin To Net: NetName=Net*1_6 Pin=P1-8
Added Net: Name=Net*1_6
Added Pin To Net: NetName=Net*1_7 Pin=*1-7
Added Pin To Net: NetName=Net*1_7 Pin=P1-11
Added Net: Name=Net*1_7
Added Pin To Net: NetName=Net*1_8 Pin=*1-8
Added Pin To Net: NetName=Net*1_8 Pin=*2-8
Added Pin To Net: NetName=Net*1_8 Pin=*3-8
Added Pin To Net: NetName=Net*1_8 Pin=*4-8
Added Pin To Net: NetName=Net*1_8 Pin=*5-8
Added Pin To Net: NetName=Net*1_8 Pin=*6-8
Added Pin To Net: NetName=Net*1_8 Pin=*7-8
Added Pin To Net: NetName=Net*1_8 Pin=P11-1
Added Pin To Net: NetName=Net*1_8 Pin=P11-2
Added Net: Name=Net*1_8
Added Pin To Net: NetName=Net*1_9 Pin=*1-9
Added Pin To Net: NetName=Net*1_9 Pin=*2-14
Added Net: Name=Net*1_9
Added Pin To Net: NetName=Net*1_10 Pin=*1-10
Added Pin To Net: NetName=Net*1_10 Pin=*2-10
Added Pin To Net: NetName=Net*1_10 Pin=*3-10
Added Pin To Net: NetName=Net*1_10 Pin=*4-10
Added Pin To Net: NetName=Net*1_10 Pin=*5-10
Added Pin To Net: NetName=Net*1_10 Pin=*6-10
Added Pin To Net: NetName=Net*1_10 Pin=*7-10
Added Pin To Net: NetName=Net*1_10 Pin=P9-1
Added Pin To Net: NetName=Net*1_10 Pin=P9-2
Added Net: Name=Net*1_10
Added Pin To Net: NetName=Net*1_11 Pin=*1-11
Added Pin To Net: NetName=Net*1_11 Pin=*2-11
Added Pin To Net: NetName=Net*1_11 Pin=*3-11
Added Pin To Net: NetName=Net*1_11 Pin=*4-11
Added Pin To Net: NetName=Net*1_11 Pin=*5-11
Added Pin To Net: NetName=Net*1_11 Pin=*6-11
Added Pin To Net: NetName=Net*1_11 Pin=*7-11
Added Pin To Net: NetName=Net*1_11 Pin=P7-1
Added Pin To Net: NetName=Net*1_11 Pin=P7-2
Added Net: Name=Net*1_11
Added Pin To Net: NetName=Net*1_12 Pin=*1-12
Added Pin To Net: NetName=Net*1_12 Pin=*2-12
Added Pin To Net: NetName=Net*1_12 Pin=*3-12
Added Pin To Net: NetName=Net*1_12 Pin=*4-12
Added Pin To Net: NetName=Net*1_12 Pin=*5-12
Added Pin To Net: NetName=Net*1_12 Pin=*6-12
Added Pin To Net: NetName=Net*1_12 Pin=*7-12
Added Pin To Net: NetName=Net*1_12 Pin=P8-1
Added Pin To Net: NetName=Net*1_12 Pin=P8-2
Added Net: Name=Net*1_12
Added Pin To Net: NetName=Net*1_14 Pin=*1-14
Added Pin To Net: NetName=Net*1_14 Pin=*4-9
Added Net: Name=Net*1_14
Added Pin To Net: NetName=Net*1_15 Pin=*1-15
Added Pin To Net: NetName=Net*1_15 Pin=P4-2
Added Net: Name=Net*1_15
Added Pin To Net: NetName=Net*1_16 Pin=*1-16
Added Pin To Net: NetName=Net*1_16 Pin=*2-16
Added Pin To Net: NetName=Net*1_16 Pin=*3-16
Added Pin To Net: NetName=Net*1_16 Pin=*4-16
Added Pin To Net: NetName=Net*1_16 Pin=*5-16
Added Pin To Net: NetName=Net*1_16 Pin=*6-16
Added Pin To Net: NetName=Net*1_16 Pin=*7-16
Added Pin To Net: NetName=Net*1_16 Pin=P12-1
Added Net: Name=Net*1_16
Added Pin To Net: NetName=Net*2_1 Pin=*2-1
Added Pin To Net: NetName=Net*2_1 Pin=P5-5
Added Net: Name=Net*2_1
Added Pin To Net: NetName=Net*2_2 Pin=*2-2
Added Pin To Net: NetName=Net*2_2 Pin=P5-8
Added Net: Name=Net*2_2
Added Pin To Net: NetName=Net*2_3 Pin=*2-3
Added Pin To Net: NetName=Net*2_3 Pin=P5-11
Added Net: Name=Net*2_3
Added Pin To Net: NetName=Net*2_4 Pin=*2-4
Added Pin To Net: NetName=Net*2_4 Pin=P2-2
Added Net: Name=Net*2_4
Added Pin To Net: NetName=Net*2_5 Pin=*2-5
Added Pin To Net: NetName=Net*2_5 Pin=P2-5
Added Net: Name=Net*2_5
Added Pin To Net: NetName=Net*2_6 Pin=*2-6
Added Pin To Net: NetName=Net*2_6 Pin=P2-8
Added Net: Name=Net*2_6
Added Pin To Net: NetName=Net*2_7 Pin=*2-7
Added Pin To Net: NetName=Net*2_7 Pin=P2-11
Added Net: Name=Net*2_7
Added Pin To Net: NetName=Net*2_9 Pin=*2-9
Added Pin To Net: NetName=Net*2_9 Pin=*3-14
Added Net: Name=Net*2_9
Added Pin To Net: NetName=Net*2_15 Pin=*2-15
Added Pin To Net: NetName=Net*2_15 Pin=P5-2
Added Net: Name=Net*2_15
Added Pin To Net: NetName=Net*3_1 Pin=*3-1
Added Pin To Net: NetName=Net*3_1 Pin=P6-5
Added Net: Name=Net*3_1
Added Pin To Net: NetName=Net*3_2 Pin=*3-2
Added Pin To Net: NetName=Net*3_2 Pin=P6-8
Added Net: Name=Net*3_2
Added Pin To Net: NetName=Net*3_3 Pin=*3-3
Added Pin To Net: NetName=Net*3_3 Pin=P6-11
Added Net: Name=Net*3_3
Added Pin To Net: NetName=Net*3_4 Pin=*3-4
Added Pin To Net: NetName=Net*3_4 Pin=P3-2
Added Net: Name=Net*3_4
Added Pin To Net: NetName=Net*3_5 Pin=*3-5
Added Pin To Net: NetName=Net*3_5 Pin=P3-5
Added Net: Name=Net*3_5
Added Pin To Net: NetName=Net*3_6 Pin=*3-6
Added Pin To Net: NetName=Net*3_6 Pin=P3-8
Added Net: Name=Net*3_6
Added Pin To Net: NetName=Net*3_7 Pin=*3-7
Added Pin To Net: NetName=Net*3_7 Pin=P3-11
Added Net: Name=Net*3_7
Added Pin To Net: NetName=Net*3_15 Pin=*3-15
Added Pin To Net: NetName=Net*3_15 Pin=P6-2
Added Net: Name=Net*3_15
Added Pin To Net: NetName=Net*4_1 Pin=*4-1
Added Pin To Net: NetName=Net*4_1 Pin=P4-6
Added Pin To Net: NetName=Net*4_1 Pin=P5-6
Added Pin To Net: NetName=Net*4_1 Pin=P6-6
Added Net: Name=Net*4_1
Added Pin To Net: NetName=Net*4_2 Pin=*4-2
Added Pin To Net: NetName=Net*4_2 Pin=P4-9
Added Pin To Net: NetName=Net*4_2 Pin=P5-9
Added Pin To Net: NetName=Net*4_2 Pin=P6-9
Added Net: Name=Net*4_2
Added Pin To Net: NetName=Net*4_3 Pin=*4-3
Added Pin To Net: NetName=Net*4_3 Pin=P4-12
Added Pin To Net: NetName=Net*4_3 Pin=P5-12
Added Pin To Net: NetName=Net*4_3 Pin=P6-12
Added Net: Name=Net*4_3
Added Pin To Net: NetName=Net*4_4 Pin=*4-4
Added Pin To Net: NetName=Net*4_4 Pin=P1-3
Added Pin To Net: NetName=Net*4_4 Pin=P2-3
Added Pin To Net: NetName=Net*4_4 Pin=P3-3
Added Net: Name=Net*4_4
Added Pin To Net: NetName=Net*4_5 Pin=*4-5
Added Pin To Net: NetName=Net*4_5 Pin=P1-6
Added Pin To Net: NetName=Net*4_5 Pin=P2-6
Added Pin To Net: NetName=Net*4_5 Pin=P3-6
Added Net: Name=Net*4_5
Added Pin To Net: NetName=Net*4_6 Pin=*4-6
Added Pin To Net: NetName=Net*4_6 Pin=P1-9
Added Pin To Net: NetName=Net*4_6 Pin=P2-9
Added Pin To Net: NetName=Net*4_6 Pin=P3-9
Added Net: Name=Net*4_6
Added Pin To Net: NetName=Net*4_7 Pin=*4-7
Added Pin To Net: NetName=Net*4_7 Pin=P1-12
Added Pin To Net: NetName=Net*4_7 Pin=P2-12
Added Pin To Net: NetName=Net*4_7 Pin=P3-12
Added Net: Name=Net*4_7
Added Pin To Net: NetName=Net*4_15 Pin=*4-15
Added Pin To Net: NetName=Net*4_15 Pin=P4-3
Added Pin To Net: NetName=Net*4_15 Pin=P5-3
Added Pin To Net: NetName=Net*4_15 Pin=P6-3
Added Net: Name=Net*4_15
Added Pin To Net: NetName=Net*5_1 Pin=*5-1
Added Pin To Net: NetName=Net*5_1 Pin=P4-4
Added Net: Name=Net*5_1
Added Pin To Net: NetName=Net*5_2 Pin=*5-2
Added Pin To Net: NetName=Net*5_2 Pin=P4-7
Added Net: Name=Net*5_2
Added Pin To Net: NetName=Net*5_3 Pin=*5-3
Added Pin To Net: NetName=Net*5_3 Pin=P4-10
Added Net: Name=Net*5_3
Added Pin To Net: NetName=Net*5_4 Pin=*5-4
Added Pin To Net: NetName=Net*5_4 Pin=P1-1
Added Net: Name=Net*5_4
Added Pin To Net: NetName=Net*5_5 Pin=*5-5
Added Pin To Net: NetName=Net*5_5 Pin=P1-4
Added Net: Name=Net*5_5
Added Pin To Net: NetName=Net*5_6 Pin=*5-6
Added Pin To Net: NetName=Net*5_6 Pin=P1-7
Added Net: Name=Net*5_6
Added Pin To Net: NetName=Net*5_7 Pin=*5-7
Added Pin To Net: NetName=Net*5_7 Pin=P1-10
Added Net: Name=Net*5_7
Added Pin To Net: NetName=Net*5_9 Pin=*5-9
Added Pin To Net: NetName=Net*5_9 Pin=*6-14
Added Net: Name=Net*5_9
Added Pin To Net: NetName=Net*5_15 Pin=*5-15
Added Pin To Net: NetName=Net*5_15 Pin=P4-1
Added Net: Name=Net*5_15
Added Pin To Net: NetName=Net*6_1 Pin=*6-1
Added Pin To Net: NetName=Net*6_1 Pin=P5-4
Added Net: Name=Net*6_1
Added Pin To Net: NetName=Net*6_2 Pin=*6-2
Added Pin To Net: NetName=Net*6_2 Pin=P5-7
Added Net: Name=Net*6_2
Added Pin To Net: NetName=Net*6_3 Pin=*6-3
Added Pin To Net: NetName=Net*6_3 Pin=P5-10
Added Net: Name=Net*6_3
Added Pin To Net: NetName=Net*6_4 Pin=*6-4
Added Pin To Net: NetName=Net*6_4 Pin=P2-1
Added Net: Name=Net*6_4
Added Pin To Net: NetName=Net*6_5 Pin=*6-5
Added Pin To Net: NetName=Net*6_5 Pin=P2-4
Added Net: Name=Net*6_5
Added Pin To Net: NetName=Net*6_6 Pin=*6-6
Added Pin To Net: NetName=Net*6_6 Pin=P2-7
Added Net: Name=Net*6_6
Added Pin To Net: NetName=Net*6_7 Pin=*6-7
Added Pin To Net: NetName=Net*6_7 Pin=P2-10
Added Net: Name=Net*6_7
Added Pin To Net: NetName=Net*6_9 Pin=*6-9
Added Pin To Net: NetName=Net*6_9 Pin=*7-14
Added Net: Name=Net*6_9
Added Pin To Net: NetName=Net*6_15 Pin=*6-15
Added Pin To Net: NetName=Net*6_15 Pin=P5-1
Added Net: Name=Net*6_15
Added Pin To Net: NetName=Net*7_1 Pin=*7-1
Added Pin To Net: NetName=Net*7_1 Pin=P6-4
Added Net: Name=Net*7_1
Added Pin To Net: NetName=Net*7_2 Pin=*7-2
Added Pin To Net: NetName=Net*7_2 Pin=P6-7
Added Net: Name=Net*7_2
Added Pin To Net: NetName=Net*7_3 Pin=*7-3
Added Pin To Net: NetName=Net*7_3 Pin=P6-10
Added Net: Name=Net*7_3
Added Pin To Net: NetName=Net*7_4 Pin=*7-4
Added Pin To Net: NetName=Net*7_4 Pin=P3-1
Added Net: Name=Net*7_4
Added Pin To Net: NetName=Net*7_5 Pin=*7-5
Added Pin To Net: NetName=Net*7_5 Pin=P3-4
Added Net: Name=Net*7_5
Added Pin To Net: NetName=Net*7_6 Pin=*7-6
Added Pin To Net: NetName=Net*7_6 Pin=P3-7
Added Net: Name=Net*7_6
Added Pin To Net: NetName=Net*7_7 Pin=*7-7
Added Pin To Net: NetName=Net*7_7 Pin=P3-10
Added Net: Name=Net*7_7
Added Pin To Net: NetName=Net*7_9 Pin=*7-9
Added Pin To Net: NetName=Net*7_9 Pin=R1-1
Added Net: Name=Net*7_9
Added Pin To Net: NetName=Net*7_15 Pin=*7-15
Added Pin To Net: NetName=Net*7_15 Pin=P6-1
Added Net: Name=Net*7_15
Added Pin To Net: NetName=NetP12_2 Pin=P12-2
Added Pin To Net: NetName=NetP12_2 Pin=R1-2
Added Net: Name=NetP12_2
Added Class: Name=Senior design LED matrix 3.0
Added Room: Name=Senior design LED matrix 3.0
