Removed Pin From Net: NetName=GND Pin=U1-2
Removed Pin From Net: NetName=GND Pin=U1-3
Removed Pin From Net: NetName=GND Pin=U1-4
Removed Pin From Net: NetName=NetT5_1 Pin=U1-5
Removed Pin From Net: NetName=NetT6_1 Pin=U1-6
Removed Pin From Net: NetName=NetC19_1 Pin=U1-7
Removed Pin From Net: NetName=VDD Pin=U1-8
Removed Pin From Net: NetName=NetC16_1 Pin=U1-9
Removed Pin From Net: NetName=NetT7_1 Pin=U1-10
Removed Pin From Net: NetName=NetT8_1 Pin=U1-11
Removed Pin From Net: NetName=NetC6_2 Pin=U1-12
Removed Pin From Net: NetName=NetC15_2 Pin=U1-13
Removed Pin From Net: NetName=NetC5_1 Pin=U1-14
Removed Pin From Net: NetName=NetL3_1 Pin=U1-15
Removed Pin From Net: NetName=GND Pin=U1-16
Removed Pin From Net: NetName=NetL2_1 Pin=U1-17
Removed Pin From Net: NetName=NetC3_1 Pin=U1-18
Removed Pin From Net: NetName=Net*_3 Pin=U1-19
Removed Pin From Net: NetName=Net*_1 Pin=U1-20
Removed Pin From Net: NetName=NetR11_1 Pin=U1-21
Removed Pin From Net: NetName=NetT11_1 Pin=U1-22
Removed Pin From Net: NetName=NetT9_1 Pin=U1-23
Removed Pin From Net: NetName=NetT10_1 Pin=U1-24
Removed Pin From Net: NetName=PVDD Pin=U1-25
Removed Pin From Net: NetName=GND Pin=U1-26
Removed Pin From Net: NetName=NetR11_1 Pin=U1-27
Removed Pin From Net: NetName=RX_MOSI_A1 Pin=U1-28
Removed Pin From Net: NetName=SCK_SCL Pin=U1-29
Removed Pin From Net: NetName=TX_MISO_A2 Pin=U1-30
Removed Pin From Net: NetName=NetP1_5 Pin=U1-31
Removed Pin From Net: NetName=NetP3_1 Pin=U1-32
Removed Pin From Net: NetName=GND Pin=U1-33
Removed Member From Class: ClassName=CLRC663Design Member=U1
Added Component: Designator=U?(QFN50P500X500X100_HS-33N)
Added Pin To Net: NetName=GND Pin=U?-2
Added Pin To Net: NetName=GND Pin=U?-3
Added Pin To Net: NetName=GND Pin=U?-4
Added Pin To Net: NetName=NetT5_1 Pin=U?-5
Added Pin To Net: NetName=NetT6_1 Pin=U?-6
Added Pin To Net: NetName=NetC19_1 Pin=U?-7
Added Pin To Net: NetName=VDD Pin=U?-8
Added Pin To Net: NetName=NetC16_1 Pin=U?-9
Added Pin To Net: NetName=NetT7_1 Pin=U?-10
Added Pin To Net: NetName=NetT8_1 Pin=U?-11
Added Pin To Net: NetName=NetC6_2 Pin=U?-12
Added Pin To Net: NetName=NetC15_2 Pin=U?-13
Added Pin To Net: NetName=NetC5_1 Pin=U?-14
Added Pin To Net: NetName=NetL3_1 Pin=U?-15
Added Pin To Net: NetName=GND Pin=U?-16
Added Pin To Net: NetName=NetL2_1 Pin=U?-17
Added Pin To Net: NetName=NetC3_1 Pin=U?-18
Added Pin To Net: NetName=Net*_3 Pin=U?-19
Added Pin To Net: NetName=Net*_1 Pin=U?-20
Added Pin To Net: NetName=NetR11_1 Pin=U?-21
Added Pin To Net: NetName=NetT11_1 Pin=U?-22
Added Pin To Net: NetName=NetT9_1 Pin=U?-23
Added Pin To Net: NetName=NetT10_1 Pin=U?-24
Added Pin To Net: NetName=PVDD Pin=U?-25
Added Pin To Net: NetName=GND Pin=U?-26
Added Pin To Net: NetName=NetR11_1 Pin=U?-27
Added Pin To Net: NetName=RX_MOSI_A1 Pin=U?-28
Added Pin To Net: NetName=SCK_SCL Pin=U?-29
Added Pin To Net: NetName=TX_MISO_A2 Pin=U?-30
Added Pin To Net: NetName=NetP1_5 Pin=U?-31
Added Pin To Net: NetName=NetP3_1 Pin=U?-32
Added Pin To Net: NetName=GND Pin=U?-33
Added Member To Class: ClassName=CLRC663Design Member=Component U? CLRC663
